<?xml version="1.0" encoding="UTF-8"?>
<!-- Generated by org.testng.reporters.JUnitReportReporter -->
<testsuite hostname="user-PC" failures="0" tests="1" name="webTest.WebTruckdetailsreciewTest" time="81.127" errors="0" timestamp="2022-06-07T05:20:18 IST" skipped="0">
  <testcase classname="webTest.WebTruckdetailsreciewTest" name="truckdetailsview" time="81.127"/>
  <system-out/>
</testsuite> <!-- webTest.WebTruckdetailsreciewTest -->
