<?xml version="1.0" encoding="UTF-8"?>
<!-- Generated by org.testng.reporters.JUnitReportReporter -->
<testsuite hostname="user-PC" failures="0" tests="1" name="androidTest.AndroidS9TruckCategoryTest" time="50.679" errors="0" timestamp="2022-06-14T00:13:44 IST" skipped="0">
  <testcase classname="androidTest.AndroidS9TruckCategoryTest" name="selectTruckTypes" time="50.679"/>
  <system-out/>
</testsuite> <!-- androidTest.AndroidS9TruckCategoryTest -->
