<?xml version="1.0" encoding="UTF-8"?>
<!-- Generated by org.testng.reporters.JUnitReportReporter -->
<testsuite hostname="user-PC" failures="0" tests="1" name="adminTest.TruckCategoryListTest" time="164.598" errors="0" timestamp="2022-06-28T04:13:30 IST" skipped="0">
  <testcase classname="adminTest.TruckCategoryListTest" name="addtruckcategory" time="164.598"/>
  <system-out/>
</testsuite> <!-- adminTest.TruckCategoryListTest -->
