<?xml version="1.0" encoding="UTF-8"?>
<!-- Generated by org.testng.reporters.JUnitReportReporter -->
<testsuite hostname="user-PC" failures="0" tests="1" name="webTest.WebLoginTest" time="55.765" errors="0" timestamp="2022-05-24T03:45:19 IST" skipped="0">
  <testcase classname="webTest.WebLoginTest" name="login" time="55.765"/>
  <system-out/>
</testsuite> <!-- webTest.WebLoginTest -->
