<?xml version="1.0" encoding="UTF-8"?>
<!-- Generated by org.testng.reporters.JUnitReportReporter -->
<testsuite hostname="user-PC" failures="0" tests="1" name="webTest.TotalCalculationTest" time="135.977" errors="0" timestamp="2022-03-26T01:46:34 IST" skipped="0">
  <testcase classname="webTest.TotalCalculationTest" name="totalvalue" time="135.977"/>
  <system-out/>
</testsuite> <!-- webTest.TotalCalculationTest -->
