<?xml version="1.0" encoding="UTF-8"?>
<!-- Generated by org.testng.reporters.JUnitReportReporter -->
<testsuite hostname="user-PC" failures="0" tests="1" name="webTest.PickupandDropTest" time="55.044" errors="0" timestamp="2022-05-24T01:17:33 IST" skipped="0">
  <testcase classname="webTest.PickupandDropTest" name="Pickupdate" time="55.044"/>
  <system-out/>
</testsuite> <!-- webTest.PickupandDropTest -->
