<?xml version="1.0" encoding="UTF-8"?>
<!-- Generated by org.testng.reporters.JUnitReportReporter -->
<testsuite hostname="user-PC" failures="0" tests="1" name="webTest.WebSigninTest" time="97.350" errors="0" timestamp="2022-06-10T01:07:59 IST" skipped="0">
  <testcase classname="webTest.WebSigninTest" name="signin" time="97.350"/>
  <system-out/>
</testsuite> <!-- webTest.WebSigninTest -->
