<?xml version="1.0" encoding="UTF-8"?>
<!-- Generated by org.testng.reporters.JUnitReportReporter -->
<testsuite hostname="user-PC" failures="0" tests="1" name="webTest.WebSelectCityTest" time="64.574" errors="0" timestamp="2022-06-11T15:54:50 IST" skipped="0">
  <testcase classname="webTest.WebSelectCityTest" name="FromandToCitySelection" time="64.574"/>
  <system-out/>
</testsuite> <!-- webTest.WebSelectCityTest -->
