<?xml version="1.0" encoding="UTF-8"?>
<!-- Generated by org.testng.reporters.JUnitReportReporter -->
<testsuite hostname="user-PC" failures="0" tests="1" name="Automation.eServiceProapp.WebAddWorkOrderTest" time="53.413" errors="0" timestamp="2021-10-15T04:33:20 IST" skipped="0">
  <testcase classname="Automation.eServiceProapp.WebAddWorkOrderTest" name="addworkorder" time="53.413"/>
  <system-out/>
</testsuite> <!-- Automation.eServiceProapp.WebAddWorkOrderTest -->
