<?xml version="1.0" encoding="UTF-8"?>
<!-- Generated by org.testng.reporters.JUnitReportReporter -->
<testsuite hostname="user-PC" failures="0" tests="1" name="webTest.WebSearchTruckTest" time="57.749" errors="0" timestamp="2022-05-24T03:22:23 IST" skipped="0">
  <testcase classname="webTest.WebSearchTruckTest" name="Selectweight" time="57.749"/>
  <system-out/>
</testsuite> <!-- webTest.WebSearchTruckTest -->
