<?xml version="1.0" encoding="UTF-8"?>
<!-- Generated by org.testng.reporters.JUnitReportReporter -->
<testsuite hostname="user-PC" failures="0" tests="1" name="androidTest.AndroidTruckandTypeTest" time="245.472" errors="0" timestamp="2022-04-13T02:50:16 IST" skipped="0">
  <testcase classname="androidTest.AndroidTruckandTypeTest" name="TruckCategoryandType" time="245.472"/>
  <system-out/>
</testsuite> <!-- androidTest.AndroidTruckandTypeTest -->
