<?xml version="1.0" encoding="UTF-8"?>
<!-- Generated by org.testng.reporters.JUnitReportReporter -->
<testsuite hostname="user-PC" failures="0" tests="1" name="webTest.WebBillingandpickupdetailTest" time="114.072" errors="0" timestamp="2022-06-11T16:04:31 IST" skipped="0">
  <testcase classname="webTest.WebBillingandpickupdetailTest" name="loaddetails" time="114.072"/>
  <system-out/>
</testsuite> <!-- webTest.WebBillingandpickupdetailTest -->
