<?xml version="1.0" encoding="UTF-8"?>
<!-- Generated by org.testng.reporters.JUnitReportReporter -->
<testsuite hostname="user-PC" failures="0" tests="1" name="webTest.WebTruckCategoryTest" time="55.933" errors="0" timestamp="2022-06-10T00:26:03 IST" skipped="0">
  <testcase classname="webTest.WebTruckCategoryTest" name="Selecttrucktype" time="55.933"/>
  <system-out/>
</testsuite> <!-- webTest.WebTruckCategoryTest -->
