<?xml version="1.0" encoding="UTF-8"?>
<!-- Generated by org.testng.reporters.JUnitReportReporter -->
<testsuite hostname="user-PC" failures="0" tests="1" name="webTest.WebSelectCityTest" time="68.059" errors="0" timestamp="2022-06-18T06:46:00 IST" skipped="0">
  <testcase classname="webTest.WebSelectCityTest" name="FromandToCitySelection" time="68.059"/>
  <system-out/>
</testsuite> <!-- webTest.WebSelectCityTest -->
