<?xml version="1.0" encoding="UTF-8"?>
<!-- Generated by org.testng.reporters.JUnitReportReporter -->
<testsuite hostname="user-PC" failures="0" tests="1" name="Automation.eServiceProapp.WebScheduleJobTest" time="36.438" errors="0" timestamp="2021-10-15T20:30:58 IST" skipped="0">
  <testcase classname="Automation.eServiceProapp.WebScheduleJobTest" name="sechdulejob" time="36.438"/>
  <system-out/>
</testsuite> <!-- Automation.eServiceProapp.WebScheduleJobTest -->
