<?xml version="1.0" encoding="UTF-8"?>
<!-- Generated by org.testng.reporters.JUnitReportReporter -->
<testsuite hostname="user-PC" failures="0" tests="2" name="Automation.eServiceProapp.LoginPage" time="40.524" errors="0" timestamp="2021-10-09T02:29:01 IST" skipped="0">
  <testcase classname="Automation.eServiceProapp.LoginPage" name="basepagenavigation" time="39.991"/>
  <system-out/>
  <testcase classname="Automation.eServiceProapp.LoginPage" name="login" time="0.533"/>
  <system-out/>
</testsuite> <!-- Automation.eServiceProapp.LoginPage -->
