<?xml version="1.0" encoding="UTF-8"?>
<!-- Generated by org.testng.reporters.JUnitReportReporter -->
<testsuite hostname="user-PC" failures="0" tests="1" name="androidTest.AndroidTotalValidationTest" time="863.512" errors="0" timestamp="2022-04-13T05:19:08 IST" skipped="0">
  <testcase classname="androidTest.AndroidTotalValidationTest" name="loadType" time="863.512"/>
  <system-out/>
</testsuite> <!-- androidTest.AndroidTotalValidationTest -->
