<?xml version="1.0" encoding="UTF-8"?>
<!-- Generated by org.testng.reporters.JUnitReportReporter -->
<testsuite hostname="user-PC" failures="0" tests="1" name="adminTest.TruckCategoryTest" time="83.858" errors="0" timestamp="2022-06-29T02:05:14 IST" skipped="0">
  <testcase classname="adminTest.TruckCategoryTest" name="addtruckcategory" time="83.858"/>
  <system-out/>
</testsuite> <!-- adminTest.TruckCategoryTest -->
