<?xml version="1.0" encoding="UTF-8"?>
<!-- Generated by org.testng.reporters.JUnitReportReporter -->
<testsuite hostname="user-PC" failures="0" tests="1" name="webTest.WebLoginTest" time="66.888" errors="0" timestamp="2022-06-07T02:38:17 IST" skipped="0">
  <testcase classname="webTest.WebLoginTest" name="login" time="66.888"/>
  <system-out/>
</testsuite> <!-- webTest.WebLoginTest -->
