<?xml version="1.0" encoding="UTF-8"?>
<!-- Generated by org.testng.reporters.JUnitReportReporter -->
<testsuite hostname="user-PC" failures="0" tests="1" name="androidTest.AndroidPickupandDropTest" time="110.614" errors="0" timestamp="2022-04-11T04:34:28 IST" skipped="0">
  <testcase classname="androidTest.AndroidPickupandDropTest" name="TC_1_PickupandDropVerify" time="110.614"/>
  <system-out/>
</testsuite> <!-- androidTest.AndroidPickupandDropTest -->
