<?xml version="1.0" encoding="UTF-8"?>
<!-- Generated by org.testng.reporters.JUnitReportReporter -->
<testsuite hostname="user-PC" failures="0" tests="1" name="androidTest.AndroidS9CityTest" time="37.229" errors="0" timestamp="2022-05-14T01:48:05 IST" skipped="0">
  <testcase classname="androidTest.AndroidS9CityTest" name="selectcities" time="37.229"/>
  <system-out/>
</testsuite> <!-- androidTest.AndroidS9CityTest -->
