<?xml version="1.0" encoding="UTF-8"?>
<!-- Generated by org.testng.reporters.JUnitReportReporter -->
<testsuite hostname="user-PC" failures="0" tests="1" name="webTest.WebTruckCategoryTest" time="40.801" errors="0" timestamp="2022-05-24T03:00:45 IST" skipped="0">
  <testcase classname="webTest.WebTruckCategoryTest" name="trucktype" time="40.801"/>
  <system-out/>
</testsuite> <!-- webTest.WebTruckCategoryTest -->
