<?xml version="1.0" encoding="UTF-8"?>
<!-- Generated by org.testng.reporters.JUnitReportReporter -->
<testsuite hostname="user-PC" failures="0" tests="1" name="Automation.eServiceProapp.WebLoginTest" time="15.061" errors="0" timestamp="2021-10-15T16:34:50 IST" skipped="0">
  <testcase classname="Automation.eServiceProapp.WebLoginTest" name="login" time="15.061"/>
  <system-out/>
</testsuite> <!-- Automation.eServiceProapp.WebLoginTest -->
