<?xml version="1.0" encoding="UTF-8"?>
<!-- Generated by org.testng.reporters.JUnitReportReporter -->
<testsuite hostname="user-PC" failures="0" tests="1" name="webTest.WebProfileTest" time="45.616" errors="0" timestamp="2021-10-15T23:23:36 IST" skipped="0">
  <testcase classname="webTest.WebProfileTest" name="profileupdate" time="45.616"/>
  <system-out/>
</testsuite> <!-- webTest.WebProfileTest -->
