<?xml version="1.0" encoding="UTF-8"?>
<!-- Generated by org.testng.reporters.JUnitReportReporter -->
<testsuite hostname="user-PC" failures="0" tests="1" name="adminTest.TruckTypeTest" time="73.169" errors="0" timestamp="2022-06-24T02:49:01 IST" skipped="0">
  <testcase classname="adminTest.TruckTypeTest" name="addtruck" time="73.169"/>
  <system-out/>
</testsuite> <!-- adminTest.TruckTypeTest -->
