<?xml version="1.0" encoding="UTF-8"?>
<!-- Generated by org.testng.reporters.JUnitReportReporter -->
<testsuite hostname="user-PC" failures="0" tests="1" name="webTest.WebTruckWeightTest" time="63.220" errors="0" timestamp="2022-06-10T00:42:12 IST" skipped="0">
  <testcase classname="webTest.WebTruckWeightTest" name="Selectweight" time="63.220"/>
  <system-out/>
</testsuite> <!-- webTest.WebTruckWeightTest -->
