<?xml version="1.0" encoding="UTF-8"?>
<!-- Generated by org.testng.reporters.JUnitReportReporter -->
<testsuite hostname="user-PC" failures="0" tests="1" name="webTest.WebTruckWeightTest" time="52.631" errors="0" timestamp="2022-05-24T03:16:22 IST" skipped="0">
  <testcase classname="webTest.WebTruckWeightTest" name="Selectweight" time="52.631"/>
  <system-out/>
</testsuite> <!-- webTest.WebTruckWeightTest -->
