<?xml version="1.0" encoding="UTF-8"?>
<!-- Generated by org.testng.reporters.JUnitReportReporter -->
<testsuite hostname="user-PC" failures="0" tests="1" name="androidTest.AndroidS9CityTest" time="31.769" errors="0" timestamp="2022-06-12T01:43:44 IST" skipped="0">
  <testcase classname="androidTest.AndroidS9CityTest" name="selectcities" time="31.769"/>
  <system-out/>
</testsuite> <!-- androidTest.AndroidS9CityTest -->
