<?xml version="1.0" encoding="UTF-8"?>
<!-- Generated by org.testng.reporters.JUnitReportReporter -->
<testsuite hostname="user-PC" failures="0" tests="1" name="androidTest.AndroidProfileTest" time="26.697" errors="0" timestamp="2022-04-28T03:30:36 IST" skipped="0">
  <testcase classname="androidTest.AndroidProfileTest" name="getProfile" time="26.697"/>
  <system-out/>
</testsuite> <!-- androidTest.AndroidProfileTest -->
