<?xml version="1.0" encoding="UTF-8"?>
<!-- Generated by org.testng.reporters.JUnitReportReporter -->
<testsuite hostname="user-PC" failures="0" tests="1" name="adminTest.DriversTest" time="169.506" errors="0" timestamp="2022-06-29T03:17:45 IST" skipped="0">
  <testcase classname="adminTest.DriversTest" name="adddriver" time="169.506"/>
  <system-out/>
</testsuite> <!-- adminTest.DriversTest -->
