<?xml version="1.0" encoding="UTF-8"?>
<!-- Generated by org.testng.reporters.JUnitReportReporter -->
<testsuite hostname="user-PC" failures="0" tests="1" name="androidTest.AndroidBillingTest" time="786.232" errors="0" timestamp="2022-04-13T04:02:58 IST" skipped="0">
  <testcase classname="androidTest.AndroidBillingTest" name="loadType" time="786.232"/>
  <system-out/>
</testsuite> <!-- androidTest.AndroidBillingTest -->
