<?xml version="1.0" encoding="UTF-8"?>
<!-- Generated by org.testng.reporters.JUnitReportReporter -->
<testsuite hostname="user-PC" failures="0" tests="1" name="adminTest.TaxTest" time="66.197" errors="0" timestamp="2022-07-08T04:40:02 IST" skipped="0">
  <testcase classname="adminTest.TaxTest" name="adddrivertax" time="66.197"/>
  <system-out/>
</testsuite> <!-- adminTest.TaxTest -->
