<?xml version="1.0" encoding="UTF-8"?>
<!-- Generated by org.testng.reporters.JUnitReportReporter -->
<testsuite hostname="user-PC" failures="0" tests="1" name="androidTest.AndroidS9CityTest" time="30.046" errors="0" timestamp="2022-06-18T07:05:24 IST" skipped="0">
  <testcase classname="androidTest.AndroidS9CityTest" name="selectcities" time="30.046"/>
  <system-out/>
</testsuite> <!-- androidTest.AndroidS9CityTest -->
