<?xml version="1.0" encoding="UTF-8"?>
<!-- Generated by org.testng.reporters.JUnitReportReporter -->
<testsuite hostname="user-PC" failures="0" tests="1" name="adminTest.TruckCategoryTest" time="61.964" errors="0" timestamp="2022-06-24T02:02:12 IST" skipped="0">
  <testcase classname="adminTest.TruckCategoryTest" name="addtruckcategory" time="61.964"/>
  <system-out/>
</testsuite> <!-- adminTest.TruckCategoryTest -->
