<?xml version="1.0" encoding="UTF-8"?>
<!-- Generated by org.testng.reporters.JUnitReportReporter -->
<testsuite hostname="user-PC" failures="0" tests="1" name="webTest.WebSigninTest" time="109.773" errors="0" timestamp="2022-06-16T02:30:59 IST" skipped="0">
  <testcase classname="webTest.WebSigninTest" name="signin" time="109.773"/>
  <system-out/>
</testsuite> <!-- webTest.WebSigninTest -->
