<?xml version="1.0" encoding="UTF-8"?>
<!-- Generated by org.testng.reporters.JUnitReportReporter -->
<testsuite hostname="user-PC" failures="0" tests="1" name="Automation.eServiceProapp.WebDashboardTechAssignTest" time="34.640" errors="0" timestamp="2021-10-15T22:00:36 IST" skipped="0">
  <testcase classname="Automation.eServiceProapp.WebDashboardTechAssignTest" name="techassignfromdashboard" time="34.640"/>
  <system-out/>
</testsuite> <!-- Automation.eServiceProapp.WebDashboardTechAssignTest -->
