<?xml version="1.0" encoding="UTF-8"?>
<!-- Generated by org.testng.reporters.JUnitReportReporter -->
<testsuite hostname="user-PC" failures="0" tests="1" name="adminTest.TrucksTest" time="178.417" errors="0" timestamp="2022-06-24T01:32:47 IST" skipped="0">
  <testcase classname="adminTest.TrucksTest" name="login" time="178.417"/>
  <system-out/>
</testsuite> <!-- adminTest.TrucksTest -->
