<?xml version="1.0" encoding="UTF-8"?>
<!-- Generated by org.testng.reporters.JUnitReportReporter -->
<testsuite hostname="user-PC" failures="0" tests="1" name="adminTest.LoginTest" time="270.264" errors="0" timestamp="2022-07-07T23:07:44 IST" skipped="0">
  <testcase classname="adminTest.LoginTest" name="login" time="270.264"/>
  <system-out/>
</testsuite> <!-- adminTest.LoginTest -->
