<?xml version="1.0" encoding="UTF-8"?>
<!-- Generated by org.testng.reporters.JUnitReportReporter -->
<testsuite hostname="user-PC" failures="0" tests="1" name="webTest.WebBillingandpickupdetailTest" time="99.172" errors="0" timestamp="2022-06-10T04:55:28 IST" skipped="0">
  <testcase classname="webTest.WebBillingandpickupdetailTest" name="loaddetails" time="99.172"/>
  <system-out/>
</testsuite> <!-- webTest.WebBillingandpickupdetailTest -->
