<?xml version="1.0" encoding="UTF-8"?>
<!-- Generated by org.testng.reporters.JUnitReportReporter -->
<testsuite hostname="user-PC" failures="0" tests="1" name="Automation.eServiceProapp.LoginoTest" time="126.000" errors="0" timestamp="2021-10-14T07:02:34 IST" skipped="0">
  <testcase classname="Automation.eServiceProapp.LoginoTest" name="login" time="126.000"/>
  <system-out/>
</testsuite> <!-- Automation.eServiceProapp.LoginoTest -->
