<?xml version="1.0" encoding="UTF-8"?>
<!-- Generated by org.testng.reporters.JUnitReportReporter -->
<testsuite hostname="user-PC" failures="0" tests="1" name="webTest.PaywithDDTest" time="124.933" errors="0" timestamp="2022-03-26T07:22:04 IST" skipped="0">
  <testcase classname="webTest.PaywithDDTest" name="createQuote" time="124.933"/>
  <system-out/>
</testsuite> <!-- webTest.PaywithDDTest -->
