<?xml version="1.0" encoding="UTF-8"?>
<!-- Generated by org.testng.reporters.JUnitReportReporter -->
<testsuite hostname="user-PC" failures="0" tests="1" name="adminTest.TruckTypeTest" time="67.134" errors="0" timestamp="2022-06-29T03:35:59 IST" skipped="0">
  <testcase classname="adminTest.TruckTypeTest" name="addtrucktype" time="67.134"/>
  <system-out/>
</testsuite> <!-- adminTest.TruckTypeTest -->
