<?xml version="1.0" encoding="UTF-8"?>
<!-- Generated by org.testng.reporters.JUnitReportReporter -->
<testsuite hostname="user-PC" failures="0" tests="1" name="adminTest.TruckCategoryViewTest" time="156.133" errors="0" timestamp="2022-06-28T22:44:30 IST" skipped="0">
  <testcase classname="adminTest.TruckCategoryViewTest" name="addtruckcategory" time="156.133"/>
  <system-out/>
</testsuite> <!-- adminTest.TruckCategoryViewTest -->
