<?xml version="1.0" encoding="UTF-8"?>
<!-- Generated by org.testng.reporters.JUnitReportReporter -->
<testsuite hostname="user-PC" failures="0" tests="1" name="webTest.WebLoaddetailTest" time="76.475" errors="0" timestamp="2022-05-24T07:03:13 IST" skipped="0">
  <testcase classname="webTest.WebLoaddetailTest" name="loaddetails" time="76.475"/>
  <system-out/>
</testsuite> <!-- webTest.WebLoaddetailTest -->
