<?xml version="1.0" encoding="UTF-8"?>
<!-- Generated by org.testng.reporters.JUnitReportReporter -->
<testsuite hostname="user-PC" failures="0" tests="1" name="androidTest.SelectMenu" time="16.196" errors="0" timestamp="2022-04-28T00:02:49 IST" skipped="0">
  <testcase classname="androidTest.SelectMenu" name="homePage" time="16.196"/>
  <system-out/>
</testsuite> <!-- androidTest.SelectMenu -->
