<?xml version="1.0" encoding="UTF-8"?>
<!-- Generated by org.testng.reporters.JUnitReportReporter -->
<testsuite hostname="user-PC" failures="0" tests="1" name="androidTest.AndroidS9CreateRouteTest" time="24.716" errors="0" timestamp="2022-08-03T05:53:49 IST" skipped="0">
  <testcase classname="androidTest.AndroidS9CreateRouteTest" name="createRoute" time="24.716"/>
  <system-out/>
</testsuite> <!-- androidTest.AndroidS9CreateRouteTest -->
