<?xml version="1.0" encoding="UTF-8"?>
<!-- Generated by org.testng.reporters.JUnitReportReporter -->
<testsuite hostname="user-PC" failures="0" tests="1" name="webTest.WebSelectCityTest" time="38.592" errors="0" timestamp="2022-06-17T02:31:11 IST" skipped="0">
  <testcase classname="webTest.WebSelectCityTest" name="FromandToCitySelection" time="38.592"/>
  <system-out/>
</testsuite> <!-- webTest.WebSelectCityTest -->
