<?xml version="1.0" encoding="UTF-8"?>
<!-- Generated by org.testng.reporters.JUnitReportReporter -->
<testsuite hostname="user-PC" failures="0" tests="1" name="Automation.eServiceProapp.AddWorkOrderTest" time="48.301" errors="0" timestamp="2021-10-13T19:10:07 IST" skipped="0">
  <testcase classname="Automation.eServiceProapp.AddWorkOrderTest" name="addworkorder" time="48.301"/>
  <system-out/>
</testsuite> <!-- Automation.eServiceProapp.AddWorkOrderTest -->
