<?xml version="1.0" encoding="UTF-8"?>
<!-- Generated by org.testng.reporters.JUnitReportReporter -->
<testsuite hostname="user-PC" failures="0" tests="1" name="webTest.WebLoginNewTest" time="50.966" errors="0" timestamp="2022-06-20T01:47:51 IST" skipped="0">
  <testcase classname="webTest.WebLoginNewTest" name="login" time="50.966"/>
  <system-out/>
</testsuite> <!-- webTest.WebLoginNewTest -->
