<?xml version="1.0" encoding="UTF-8"?>
<!-- Generated by org.testng.reporters.JUnitReportReporter -->
<testsuite hostname="user-PC" failures="0" tests="1" name="webTest.LoadCategoryTest" time="89.028" errors="0" timestamp="2022-03-16T00:28:56 IST" skipped="0">
  <testcase classname="webTest.LoadCategoryTest" name="TC_1_LoadCategory" time="89.028"/>
  <system-out/>
</testsuite> <!-- webTest.LoadCategoryTest -->
