<?xml version="1.0" encoding="UTF-8"?>
<!-- Generated by org.testng.reporters.JUnitReportReporter -->
<testsuite hostname="user-PC" failures="0" tests="1" name="androidTest.AndroidLoadTest" time="730.438" errors="0" timestamp="2022-04-13T03:48:00 IST" skipped="0">
  <testcase classname="androidTest.AndroidLoadTest" name="loadType" time="730.438"/>
  <system-out/>
</testsuite> <!-- androidTest.AndroidLoadTest -->
