<?xml version="1.0" encoding="UTF-8"?>
<!-- Generated by org.testng.reporters.JUnitReportReporter -->
<testsuite hostname="user-PC" failures="0" tests="1" name="webTest.CitySelection" time="84.342" errors="0" timestamp="2022-02-23T23:18:01 IST" skipped="0">
  <testcase classname="webTest.CitySelection" name="TC_1_FromandToCitySelection" time="84.342"/>
  <system-out/>
</testsuite> <!-- webTest.CitySelection -->
