<?xml version="1.0" encoding="UTF-8"?>
<!-- Generated by org.testng.reporters.JUnitReportReporter -->
<testsuite hostname="user-PC" failures="0" tests="1" name="webTest.WebTruckdetailsreciewTest" time="66.927" errors="0" timestamp="2022-05-24T06:34:56 IST" skipped="0">
  <testcase classname="webTest.WebTruckdetailsreciewTest" name="truckdetailsview" time="66.927"/>
  <system-out/>
</testsuite> <!-- webTest.WebTruckdetailsreciewTest -->
