<?xml version="1.0" encoding="UTF-8"?>
<!-- Generated by org.testng.reporters.JUnitReportReporter -->
<testsuite hostname="user-PC" failures="0" tests="1" name="webTest.WebTripListTest" time="134.296" errors="0" timestamp="2022-06-10T04:37:39 IST" skipped="0">
  <testcase classname="webTest.WebTripListTest" name="signin" time="134.296"/>
  <system-out/>
</testsuite> <!-- webTest.WebTripListTest -->
