<?xml version="1.0" encoding="UTF-8"?>
<!-- Generated by org.testng.reporters.JUnitReportReporter -->
<testsuite hostname="user-PC" failures="0" tests="1" name="adminTest.LoginTest" time="190.085" errors="0" timestamp="2022-06-20T15:25:28 IST" skipped="0">
  <testcase classname="adminTest.LoginTest" name="login" time="190.085"/>
  <system-out/>
</testsuite> <!-- adminTest.LoginTest -->
