<?xml version="1.0" encoding="UTF-8"?>
<!-- Generated by org.testng.reporters.JUnitReportReporter -->
<testsuite hostname="user-PC" failures="0" tests="1" name="adminTest.LoginTest" time="209.263" errors="0" timestamp="2022-08-20T02:02:01 IST" skipped="0">
  <testcase classname="adminTest.LoginTest" name="login" time="209.263"/>
  <system-out/>
</testsuite> <!-- adminTest.LoginTest -->
