<?xml version="1.0" encoding="UTF-8"?>
<!-- Generated by org.testng.reporters.JUnitReportReporter -->
<testsuite hostname="user-PC" failures="0" tests="1" name="webTest.CitySelectionTest" time="45.234" errors="0" timestamp="2022-05-24T01:02:38 IST" skipped="0">
  <testcase classname="webTest.CitySelectionTest" name="FromandToCitySelection" time="45.234"/>
  <system-out/>
</testsuite> <!-- webTest.CitySelectionTest -->
